<?xml version="1.0" encoding="UTF-8"?>
<!-- Generated by org.testng.reporters.JUnitXMLReporter -->
<testsuite hostname="DESKTOP-SHS08M3" name="Test" tests="3" failures="1" timestamp="7 Apr 2018 04:38:22 GMT" time="0.167" errors="0">
  <testcase name="Test1" time="0.038" classname="FailedTestCases.Test1"/>
  <testcase name="Test2" time="0.005" classname="FailedTestCases.Test2">
    <failure type="java.lang.AssertionError" message="null">
      <![CDATA[java.lang.AssertionError: null
	at FailedTestCases.Test2.Test2(Test2.java:10)
... Removed 26 stack frames]]>
    </failure>
  </testcase> <!-- Test2 -->
  <testcase name="test3" time="0.008" classname="FailedTestCases.Test3"/>
</testsuite> <!-- Test -->
