<?xml version="1.0" encoding="UTF-8"?>
<testng-results skipped="0" failed="0" ignored="0" total="2" passed="2">
  <reporter-output>
  </reporter-output>
  <suite name="Default suite" duration-ms="200" started-at="2018-04-11T17:08:55Z" finished-at="2018-04-11T17:08:55Z">
    <groups>
    </groups>
    <test name="Default test" duration-ms="200" started-at="2018-04-11T17:08:55Z" finished-at="2018-04-11T17:08:55Z">
      <class name="Dataprovider.dataprovider1">
        <test-method status="PASS" signature="gmail(java.lang.String, java.lang.String, java.lang.String)[pri:0, instance:Dataprovider.dataprovider1@1d057a39]" name="gmail" duration-ms="30" started-at="2018-04-11T17:08:55Z" data-provider="getdata" finished-at="2018-04-11T17:08:55Z">
          <params>
            <param index="0">
              <value>
                <![CDATA[sagar]]>
              </value>
            </param>
            <param index="1">
              <value>
                <![CDATA[sunil123]]>
              </value>
            </param>
            <param index="2">
              <value>
                <![CDATA[sunil]]>
              </value>
            </param>
          </params>
          <reporter-output>
          </reporter-output>
        </test-method> <!-- gmail -->
        <test-method status="PASS" signature="gmail(java.lang.String, java.lang.String, java.lang.String)[pri:0, instance:Dataprovider.dataprovider1@1d057a39]" name="gmail" duration-ms="18" started-at="2018-04-11T17:08:55Z" data-provider="getdata" finished-at="2018-04-11T17:08:55Z">
          <params>
            <param index="0">
              <value is-null="true"/>
            </param>
            <param index="1">
              <value>
                <![CDATA[sagar123]]>
              </value>
            </param>
            <param index="2">
              <value>
                <![CDATA[sagar]]>
              </value>
            </param>
          </params>
          <reporter-output>
          </reporter-output>
        </test-method> <!-- gmail -->
      </class> <!-- Dataprovider.dataprovider1 -->
    </test> <!-- Default test -->
  </suite> <!-- Default suite -->
</testng-results>
