<?xml version="1.0" encoding="UTF-8"?>
<testng-results skipped="0" failed="0" total="1" passed="1">
  <reporter-output>
  </reporter-output>
  <suite name="Failed suite [Suite]" duration-ms="38" started-at="2018-04-07T04:43:13Z" finished-at="2018-04-07T04:43:13Z">
    <groups>
    </groups>
    <test name="Test(failed)" duration-ms="38" started-at="2018-04-07T04:43:13Z" finished-at="2018-04-07T04:43:13Z">
      <class name="FailedTestCases.Test2">
        <test-method status="PASS" signature="Test2()[pri:0, instance:FailedTestCases.Test2@4c75cab9]" name="Test2" duration-ms="14" started-at="2018-04-07T10:13:13Z" finished-at="2018-04-07T10:13:13Z">
          <reporter-output>
          </reporter-output>
        </test-method> <!-- Test2 -->
      </class> <!-- FailedTestCases.Test2 -->
    </test> <!-- Test(failed) -->
  </suite> <!-- Failed suite [Suite] -->
</testng-results>
